{"/home/andres/code/andresmunozit/node-js-application-development-lfw211/16_WRITING_UNIT_TESTS/examples/test-harnesses-jest/add.js": {"path":"/home/andres/code/andresmunozit/node-js-application-development-lfw211/16_WRITING_UNIT_TESTS/examples/test-harnesses-jest/add.js","statementMap":{"0":{"start":{"line":2,"column":0},"end":{"line":7,"column":1}},"1":{"start":{"line":3,"column":4},"end":{"line":5,"column":5}},"2":{"start":{"line":4,"column":8},"end":{"line":4,"column":45}},"3":{"start":{"line":6,"column":4},"end":{"line":6,"column":16}}},"fnMap":{"0":{"name":"(anonymous_0)","decl":{"start":{"line":2,"column":17},"end":{"line":2,"column":18}},"loc":{"start":{"line":2,"column":27},"end":{"line":7,"column":1}},"line":2}},"branchMap":{"0":{"loc":{"start":{"line":3,"column":4},"end":{"line":5,"column":5}},"type":"if","locations":[{"start":{"line":3,"column":4},"end":{"line":5,"column":5}},{"start":{},"end":{}}],"line":3},"1":{"loc":{"start":{"line":3,"column":8},"end":{"line":3,"column":54}},"type":"binary-expr","locations":[{"start":{"line":3,"column":8},"end":{"line":3,"column":29}},{"start":{"line":3,"column":33},"end":{"line":3,"column":54}}],"line":3}},"s":{"0":1,"1":6,"2":4,"3":2},"f":{"0":6},"b":{"0":[4,2],"1":[6,3]},"_coverageSchema":"1a1c01bbd47fc00a2c39e90264f33305004495a9","hash":"3c6ff6c9c4801777709a3cff63eaaada018fcded"}
,"/home/andres/code/andresmunozit/node-js-application-development-lfw211/16_WRITING_UNIT_TESTS/examples/test-harnesses-jest/req-prom.js": {"path":"/home/andres/code/andresmunozit/node-js-application-development-lfw211/16_WRITING_UNIT_TESTS/examples/test-harnesses-jest/req-prom.js","statementMap":{"0":{"start":{"line":2,"column":32},"end":{"line":2,"column":58}},"1":{"start":{"line":3,"column":0},"end":{"line":7,"column":1}},"2":{"start":{"line":4,"column":4},"end":{"line":4,"column":22}},"3":{"start":{"line":5,"column":4},"end":{"line":5,"column":64}},"4":{"start":{"line":5,"column":36},"end":{"line":5,"column":64}},"5":{"start":{"line":6,"column":4},"end":{"line":6,"column":35}}},"fnMap":{"0":{"name":"(anonymous_0)","decl":{"start":{"line":3,"column":17},"end":{"line":3,"column":18}},"loc":{"start":{"line":3,"column":32},"end":{"line":7,"column":1}},"line":3}},"branchMap":{"0":{"loc":{"start":{"line":5,"column":4},"end":{"line":5,"column":64}},"type":"if","locations":[{"start":{"line":5,"column":4},"end":{"line":5,"column":64}},{"start":{},"end":{}}],"line":5}},"s":{"0":1,"1":1,"2":2,"3":2,"4":1,"5":1},"f":{"0":2},"b":{"0":[1,1]},"_coverageSchema":"1a1c01bbd47fc00a2c39e90264f33305004495a9","hash":"f81fc5933f92a0ce163dad464f83032a93876f96"}
,"/home/andres/code/andresmunozit/node-js-application-development-lfw211/16_WRITING_UNIT_TESTS/examples/test-harnesses-jest/req.js": {"path":"/home/andres/code/andresmunozit/node-js-application-development-lfw211/16_WRITING_UNIT_TESTS/examples/test-harnesses-jest/req.js","statementMap":{"0":{"start":{"line":2,"column":0},"end":{"line":7,"column":1}},"1":{"start":{"line":3,"column":4},"end":{"line":6,"column":11}},"2":{"start":{"line":4,"column":8},"end":{"line":5,"column":47}},"3":{"start":{"line":4,"column":40},"end":{"line":4,"column":66}},"4":{"start":{"line":5,"column":13},"end":{"line":5,"column":47}}},"fnMap":{"0":{"name":"(anonymous_0)","decl":{"start":{"line":2,"column":17},"end":{"line":2,"column":18}},"loc":{"start":{"line":2,"column":30},"end":{"line":7,"column":1}},"line":2},"1":{"name":"(anonymous_1)","decl":{"start":{"line":3,"column":15},"end":{"line":3,"column":16}},"loc":{"start":{"line":3,"column":21},"end":{"line":6,"column":5}},"line":3}},"branchMap":{"0":{"loc":{"start":{"line":4,"column":8},"end":{"line":5,"column":47}},"type":"if","locations":[{"start":{"line":4,"column":8},"end":{"line":5,"column":47}},{"start":{"line":5,"column":13},"end":{"line":5,"column":47}}],"line":4}},"s":{"0":1,"1":2,"2":2,"3":1,"4":1},"f":{"0":2,"1":2},"b":{"0":[1,1]},"_coverageSchema":"1a1c01bbd47fc00a2c39e90264f33305004495a9","hash":"5724b2b8d304d23159c9c4642f3b8b490cc0ac97"}
}
