TN:
SF:add.js
FN:2,(anonymous_0)
FNF:1
FNH:1
FNDA:6,(anonymous_0)
DA:2,1
DA:3,6
DA:4,4
DA:6,2
LF:4
LH:4
BRDA:3,0,0,4
BRDA:3,0,1,2
BRDA:3,1,0,6
BRDA:3,1,1,3
BRF:4
BRH:4
end_of_record
TN:
SF:req-prom.js
FN:3,(anonymous_0)
FNF:1
FNH:1
FNDA:2,(anonymous_0)
DA:2,1
DA:3,1
DA:4,2
DA:5,2
DA:6,1
LF:5
LH:5
BRDA:5,0,0,1
BRDA:5,0,1,1
BRF:2
BRH:2
end_of_record
TN:
SF:req.js
FN:2,(anonymous_0)
FN:3,(anonymous_1)
FNF:2
FNH:2
FNDA:2,(anonymous_0)
FNDA:2,(anonymous_1)
DA:2,1
DA:3,2
DA:4,2
DA:5,1
LF:4
LH:4
BRDA:4,0,0,1
BRDA:4,0,1,1
BRF:2
BRH:2
end_of_record
